{
  "RSpec": {
    "coverage": {
      "/Users/sabrinalord/Desktop/githubLocal/bank_tech_test/spec/account_spec.rb": {
        "lines": [
          1,
          1,
          null,
          1,
          null,
          1,
          1,
          1,
          null,
          null,
          1,
          1,
          null,
          null,
          null,
          1,
          null,
          null,
          null,
          null,
          null,
          null,
          1,
          1,
          1,
          1,
          1,
          null,
          1,
          null,
          null,
          null,
          null,
          null
        ]
      },
      "/Users/sabrinalord/Desktop/githubLocal/bank_tech_test/lib/account.rb": {
        "lines": [
          1,
          1,
          null,
          1,
          3,
          3,
          null,
          null,
          1,
          1,
          1,
          null,
          null,
          null
        ]
      },
      "/Users/sabrinalord/Desktop/githubLocal/bank_tech_test/lib/deposit.rb": {
        "lines": [
          1,
          1,
          null,
          1,
          2,
          null,
          null,
          null,
          1,
          1,
          null,
          null,
          null
        ]
      },
      "/Users/sabrinalord/Desktop/githubLocal/bank_tech_test/spec/deposit_spec.rb": {
        "lines": [
          1,
          null,
          1,
          null,
          1,
          1,
          1,
          1,
          1,
          1,
          null,
          null,
          null,
          null,
          null,
          null
        ]
      }
    },
    "timestamp": 1643646164
  }
}
